<?xml version="1.0" encoding="UTF-8"?>
<testsuite xmlns:xsi="http://www.w3.org/2001/XMLSchema-instance" xsi:noNamespaceSchemaLocation="https://maven.apache.org/surefire/maven-surefire-plugin/xsd/surefire-test-report-3.0.xsd" version="3.0" name="com.sismics.docs.rest.TestAclResource" time="9.901" tests="2" errors="0" skipped="0" failures="0">
  <properties>
[...]
</properties>
  <testcase name="testAclTags" classname="com.sismics.docs.rest.TestAclResource" time="7.985">
    <system-out><![CDATA[08 5月 2024 15:59:45,267 INFO com.sismics.util.filter.RequestContextFilter.init(RequestContextFilter.java:43) Using base data directory: C:\Users\cjxli\AppData\Local\Temp 
08 5月 2024 15:59:48,596 INFO com.sismics.util.ClasspathScanner.findClasses(ClasspathScanner.java:48) Found 1 classes for IndexingHandler 
08 5月 2024 15:59:48,655 INFO com.sismics.docs.core.util.indexing.LuceneIndexingHandler.initLucene(LuceneIndexingHandler.java:115) Using RAM Lucene storage 
08 5月 2024 15:59:48,808 INFO com.sismics.docs.core.service.FileService.startUp(FileService.java:39) File service starting up 
08 5月 2024 15:59:48,811 INFO com.sismics.docs.core.service.InboxService.startUp(InboxService.java:55) Inbox service starting up 
08 5月 2024 15:59:49,999 INFO com.sismics.util.ClasspathScanner.findClasses(ClasspathScanner.java:48) Found 2 classes for AuthenticationHandler 
08 5月 2024 15:59:51,003 INFO com.sismics.docs.core.listener.async.DocumentCreatedAsyncListener.on(DocumentCreatedAsyncListener.java:35) Document created event: DocumentCreatedAsyncEvent{documentId=67d8b1ff-19ac-4785-8f62-93883447ca74} 
08 5月 2024 15:59:51,251 INFO com.sismics.docs.core.listener.async.AclCreatedAsyncListener.on(AclCreatedAsyncListener.java:31) ACL created event: AclCreatedAsyncEvent{sourceId=3d512be9-b22e-47a0-8e5d-496446cf9e0c, perm=READ, targetId=9e96181e-6a78-4076-81d3-3c8279e64ea6} 
08 5月 2024 15:59:51,356 INFO com.sismics.docs.core.listener.async.AclCreatedAsyncListener.on(AclCreatedAsyncListener.java:31) ACL created event: AclCreatedAsyncEvent{sourceId=3d512be9-b22e-47a0-8e5d-496446cf9e0c, perm=WRITE, targetId=9e96181e-6a78-4076-81d3-3c8279e64ea6} 
08 5月 2024 15:59:51,410 INFO com.sismics.docs.core.listener.async.DocumentUpdatedAsyncListener.on(DocumentUpdatedAsyncListener.java:39) Document updated event: DocumentUpdatedAsyncEvent{documentId=67d8b1ff-19ac-4785-8f62-93883447ca74} 
08 5月 2024 15:59:51,496 INFO org.subethamail.smtp.server.SMTPServer.run(SMTPServer.java:333) SMTP Server socket shut down. 
08 5月 2024 15:59:51,501 INFO com.sismics.docs.core.service.InboxService.shutDown(InboxService.java:60) Inbox service shutting down 
08 5月 2024 15:59:51,502 INFO com.sismics.docs.core.service.FileService.shutDown(FileService.java:44) File service shutting down 
]]></system-out>
    <system-err><![CDATA[5月 08, 2024 3:59:43 下午 org.glassfish.jersey.test.external.ExternalTestContainerFactory$ExternalTestContainer <init>
信息: Creating ExternalTestContainer configured at the base URI http://localhost:9998/docs
5月 08, 2024 3:59:43 下午 org.glassfish.grizzly.servlet.WebappContext deploy
信息: Starting application [GrizzlyContext] ...
5月 08, 2024 3:59:44 下午 org.glassfish.grizzly.servlet.WebappContext initServlets
信息: Loading Servlet: org.glassfish.jersey.servlet.ServletContainer
5月 08, 2024 3:59:45 下午 org.glassfish.grizzly.servlet.WebappContext initServlets
信息: [GrizzlyContext] Servlet [org.glassfish.jersey.servlet.ServletContainer] registered for url pattern(s) [[/*]].
]]></system-err>
  </testcase>
  <testcase name="testAclResource" classname="com.sismics.docs.rest.TestAclResource" time="1.814">
    <system-out><![CDATA[08 5月 2024 15:59:51,512 INFO org.glassfish.jersey.test.external.ExternalTestContainerFactory$ExternalTestContainer.<init>(ExternalTestContainerFactory.java:91) Creating ExternalTestContainer configured at the base URI http://localhost:9998/docs 
08 5月 2024 15:59:51,616 INFO com.sismics.util.filter.RequestContextFilter.init(RequestContextFilter.java:43) Using base data directory: C:\Users\cjxli\AppData\Local\Temp 
08 5月 2024 15:59:51,854 INFO com.sismics.util.ClasspathScanner.findClasses(ClasspathScanner.java:48) Found 1 classes for IndexingHandler 
08 5月 2024 15:59:51,855 INFO com.sismics.docs.core.util.indexing.LuceneIndexingHandler.initLucene(LuceneIndexingHandler.java:115) Using RAM Lucene storage 
08 5月 2024 15:59:51,856 INFO com.sismics.docs.core.service.FileService.startUp(FileService.java:39) File service starting up 
08 5月 2024 15:59:51,857 INFO com.sismics.docs.core.service.InboxService.startUp(InboxService.java:55) Inbox service starting up 
08 5月 2024 15:59:52,991 INFO com.sismics.docs.core.listener.async.DocumentCreatedAsyncListener.on(DocumentCreatedAsyncListener.java:35) Document created event: DocumentCreatedAsyncEvent{documentId=30c92784-086e-481f-9858-5aa01425cd8e} 
08 5月 2024 15:59:53,069 INFO com.sismics.docs.core.listener.async.AclCreatedAsyncListener.on(AclCreatedAsyncListener.java:31) ACL created event: AclCreatedAsyncEvent{sourceId=30c92784-086e-481f-9858-5aa01425cd8e, perm=READ, targetId=b34b0f1c-acc6-455e-85f5-b419cdb7a06b} 
08 5月 2024 15:59:53,078 INFO com.sismics.docs.core.listener.async.AclCreatedAsyncListener.on(AclCreatedAsyncListener.java:31) ACL created event: AclCreatedAsyncEvent{sourceId=30c92784-086e-481f-9858-5aa01425cd8e, perm=WRITE, targetId=b34b0f1c-acc6-455e-85f5-b419cdb7a06b} 
08 5月 2024 15:59:53,111 INFO com.sismics.docs.core.listener.async.AclCreatedAsyncListener.on(AclCreatedAsyncListener.java:31) ACL created event: AclCreatedAsyncEvent{sourceId=30c92784-086e-481f-9858-5aa01425cd8e, perm=READ, targetId=7630416e-5915-49a0-a7b9-3b9806065178} 
08 5月 2024 15:59:53,119 INFO com.sismics.docs.core.listener.async.AclCreatedAsyncListener.on(AclCreatedAsyncListener.java:31) ACL created event: AclCreatedAsyncEvent{sourceId=30c92784-086e-481f-9858-5aa01425cd8e, perm=WRITE, targetId=7630416e-5915-49a0-a7b9-3b9806065178} 
08 5月 2024 15:59:53,174 INFO com.sismics.docs.core.listener.async.DocumentUpdatedAsyncListener.on(DocumentUpdatedAsyncListener.java:39) Document updated event: DocumentUpdatedAsyncEvent{documentId=30c92784-086e-481f-9858-5aa01425cd8e} 
08 5月 2024 15:59:53,209 INFO com.sismics.docs.core.listener.async.AclDeletedAsyncListener.on(AclDeletedAsyncListener.java:31) ACL deleted event: AclDeletedAsyncEvent{sourceId=30c92784-086e-481f-9858-5aa01425cd8e, perm=WRITE, targetId=b34b0f1c-acc6-455e-85f5-b419cdb7a06b} 
08 5月 2024 15:59:53,229 INFO com.sismics.docs.core.listener.async.AclDeletedAsyncListener.on(AclDeletedAsyncListener.java:31) ACL deleted event: AclDeletedAsyncEvent{sourceId=30c92784-086e-481f-9858-5aa01425cd8e, perm=WRITE, targetId=7630416e-5915-49a0-a7b9-3b9806065178} 
08 5月 2024 15:59:53,253 INFO com.sismics.docs.core.listener.async.AclDeletedAsyncListener.on(AclDeletedAsyncListener.java:31) ACL deleted event: AclDeletedAsyncEvent{sourceId=30c92784-086e-481f-9858-5aa01425cd8e, perm=READ, targetId=b34b0f1c-acc6-455e-85f5-b419cdb7a06b} 
08 5月 2024 15:59:53,273 INFO com.sismics.docs.core.listener.async.AclDeletedAsyncListener.on(AclDeletedAsyncListener.java:31) ACL deleted event: AclDeletedAsyncEvent{sourceId=30c92784-086e-481f-9858-5aa01425cd8e, perm=READ, targetId=7630416e-5915-49a0-a7b9-3b9806065178} 
08 5月 2024 15:59:53,325 INFO org.subethamail.smtp.server.SMTPServer.run(SMTPServer.java:333) SMTP Server socket shut down. 
08 5月 2024 15:59:53,326 INFO com.sismics.docs.core.service.InboxService.shutDown(InboxService.java:60) Inbox service shutting down 
08 5月 2024 15:59:53,327 INFO com.sismics.docs.core.service.FileService.shutDown(FileService.java:44) File service shutting down 
]]></system-out>
  </testcase>
</testsuite>