<?xml version="1.0" encoding="UTF-8"?>
<testsuite xmlns:xsi="http://www.w3.org/2001/XMLSchema-instance" xsi:noNamespaceSchemaLocation="https://maven.apache.org/surefire/maven-surefire-plugin/xsd/surefire-test-report-3.0.xsd" version="3.0" name="com.sismics.docs.rest.TestAppResource" time="12.504" tests="6" errors="0" skipped="0" failures="0">
  <properties>
[...]
</properties>
  <testcase name="testLdapAuthentication" classname="com.sismics.docs.rest.TestAppResource" time="6.23">
    <system-out><![CDATA[08 5月 2024 15:59:56,465 INFO com.sismics.util.filter.RequestContextFilter.init(RequestContextFilter.java:43) Using base data directory: C:\Users\cjxli\AppData\Local\Temp 
08 5月 2024 15:59:59,794 INFO com.sismics.util.ClasspathScanner.findClasses(ClasspathScanner.java:48) Found 1 classes for IndexingHandler 
08 5月 2024 15:59:59,862 INFO com.sismics.docs.core.util.indexing.LuceneIndexingHandler.initLucene(LuceneIndexingHandler.java:115) Using RAM Lucene storage 
08 5月 2024 16:00:00,040 INFO com.sismics.docs.core.service.FileService.startUp(FileService.java:39) File service starting up 
08 5月 2024 16:00:00,045 INFO com.sismics.docs.core.service.InboxService.startUp(InboxService.java:55) Inbox service starting up 
08 5月 2024 16:00:00,758 INFO org.subethamail.smtp.server.SMTPServer.run(SMTPServer.java:333) SMTP Server socket shut down. 
08 5月 2024 16:00:00,768 INFO com.sismics.docs.core.service.InboxService.shutDown(InboxService.java:60) Inbox service shutting down 
08 5月 2024 16:00:00,768 INFO com.sismics.docs.core.service.FileService.shutDown(FileService.java:44) File service shutting down 
]]></system-out>
    <system-err><![CDATA[5月 08, 2024 3:59:54 下午 org.glassfish.jersey.test.external.ExternalTestContainerFactory$ExternalTestContainer <init>
信息: Creating ExternalTestContainer configured at the base URI http://localhost:9998/docs
5月 08, 2024 3:59:55 下午 org.glassfish.grizzly.servlet.WebappContext deploy
信息: Starting application [GrizzlyContext] ...
5月 08, 2024 3:59:55 下午 org.glassfish.grizzly.servlet.WebappContext initServlets
信息: Loading Servlet: org.glassfish.jersey.servlet.ServletContainer
5月 08, 2024 3:59:56 下午 org.glassfish.grizzly.servlet.WebappContext initServlets
信息: [GrizzlyContext] Servlet [org.glassfish.jersey.servlet.ServletContainer] registered for url pattern(s) [[/*]].
]]></system-err>
  </testcase>
  <testcase name="testInbox" classname="com.sismics.docs.rest.TestAppResource" time="2.295">
    <system-out><![CDATA[08 5月 2024 16:00:00,788 INFO org.glassfish.jersey.test.external.ExternalTestContainerFactory$ExternalTestContainer.<init>(ExternalTestContainerFactory.java:91) Creating ExternalTestContainer configured at the base URI http://localhost:9998/docs 
08 5月 2024 16:00:00,910 INFO com.sismics.util.filter.RequestContextFilter.init(RequestContextFilter.java:43) Using base data directory: C:\Users\cjxli\AppData\Local\Temp 
08 5月 2024 16:00:01,208 INFO com.sismics.util.ClasspathScanner.findClasses(ClasspathScanner.java:48) Found 1 classes for IndexingHandler 
08 5月 2024 16:00:01,209 INFO com.sismics.docs.core.util.indexing.LuceneIndexingHandler.initLucene(LuceneIndexingHandler.java:115) Using RAM Lucene storage 
08 5月 2024 16:00:01,210 INFO com.sismics.docs.core.service.FileService.startUp(FileService.java:39) File service starting up 
08 5月 2024 16:00:01,211 INFO com.sismics.docs.core.service.InboxService.startUp(InboxService.java:55) Inbox service starting up 
08 5月 2024 16:00:02,182 INFO com.sismics.util.ClasspathScanner.findClasses(ClasspathScanner.java:48) Found 2 classes for AuthenticationHandler 
08 5月 2024 16:00:02,692 INFO com.sismics.docs.core.service.InboxService.lambda$syncInbox$0(InboxService.java:82) Synchronizing IMAP inbox... 
08 5月 2024 16:00:02,702 INFO com.sismics.docs.core.service.InboxService.lambda$syncInbox$0(InboxService.java:92) 1 messages found 
08 5月 2024 16:00:02,706 INFO com.sismics.docs.core.service.InboxService.importMessage(InboxService.java:196) Importing message: Test email 1 
08 5月 2024 16:00:02,736 INFO com.sismics.docs.core.listener.async.DocumentCreatedAsyncListener.on(DocumentCreatedAsyncListener.java:35) Document created event: DocumentCreatedAsyncEvent{documentId=925c98af-e058-4ced-a756-ad587341999f} 
08 5月 2024 16:00:03,010 INFO com.sismics.docs.core.service.InboxService.lambda$syncInbox$0(InboxService.java:82) Synchronizing IMAP inbox... 
08 5月 2024 16:00:03,018 INFO com.sismics.docs.core.service.InboxService.lambda$syncInbox$0(InboxService.java:92) 0 messages found 
08 5月 2024 16:00:03,073 INFO org.subethamail.smtp.server.SMTPServer.run(SMTPServer.java:333) SMTP Server socket shut down. 
08 5月 2024 16:00:03,077 INFO com.sismics.docs.core.service.InboxService.shutDown(InboxService.java:60) Inbox service shutting down 
08 5月 2024 16:00:03,078 INFO com.sismics.docs.core.service.FileService.shutDown(FileService.java:44) File service shutting down 
]]></system-out>
  </testcase>
  <testcase name="testSmtpConfiguration" classname="com.sismics.docs.rest.TestAppResource" time="0.949">
    <system-out><![CDATA[08 5月 2024 16:00:03,082 INFO org.glassfish.jersey.test.external.ExternalTestContainerFactory$ExternalTestContainer.<init>(ExternalTestContainerFactory.java:91) Creating ExternalTestContainer configured at the base URI http://localhost:9998/docs 
08 5月 2024 16:00:03,177 INFO com.sismics.util.filter.RequestContextFilter.init(RequestContextFilter.java:43) Using base data directory: C:\Users\cjxli\AppData\Local\Temp 
08 5月 2024 16:00:03,409 INFO com.sismics.util.ClasspathScanner.findClasses(ClasspathScanner.java:48) Found 1 classes for IndexingHandler 
08 5月 2024 16:00:03,411 INFO com.sismics.docs.core.util.indexing.LuceneIndexingHandler.initLucene(LuceneIndexingHandler.java:115) Using RAM Lucene storage 
08 5月 2024 16:00:03,412 INFO com.sismics.docs.core.service.FileService.startUp(FileService.java:39) File service starting up 
08 5月 2024 16:00:03,412 INFO com.sismics.docs.core.service.InboxService.startUp(InboxService.java:55) Inbox service starting up 
08 5月 2024 16:00:03,413 INFO com.sismics.docs.core.service.InboxService.lambda$syncInbox$0(InboxService.java:82) Synchronizing IMAP inbox... 
08 5月 2024 16:00:03,420 ERROR com.sismics.docs.core.service.InboxService.lambda$syncInbox$0(InboxService.java:100) Error syncing the inbox 
com.sun.mail.util.MailConnectException: Couldn't connect to host, port: localhost, 9755; timeout 30000;
  nested exception is:
	java.net.ConnectException: Connection refused: no further information
	at com.sun.mail.imap.IMAPStore.protocolConnect(IMAPStore.java:740)
	at javax.mail.Service.connect(Service.java:366)
	at javax.mail.Service.connect(Service.java:246)
	at javax.mail.Service.connect(Service.java:267)
	at com.sismics.docs.core.service.InboxService.openInbox(InboxService.java:181)
	at com.sismics.docs.core.service.InboxService.lambda$syncInbox$0(InboxService.java:90)
	at com.sismics.docs.core.util.TransactionUtil.handle(TransactionUtil.java:47)
	at com.sismics.docs.core.service.InboxService.syncInbox(InboxService.java:76)
	at com.sismics.docs.core.service.InboxService.runOneIteration(InboxService.java:66)
	at com.google.common.util.concurrent.AbstractScheduledService$ServiceDelegate$Task.run(AbstractScheduledService.java:221)
	at com.google.common.util.concurrent.Callables$4.run(Callables.java:119)
	at java.base/java.util.concurrent.Executors$RunnableAdapter.call(Executors.java:577)
	at java.base/java.util.concurrent.FutureTask.runAndReset(FutureTask.java:358)
	at java.base/java.util.concurrent.ScheduledThreadPoolExecutor$ScheduledFutureTask.run(ScheduledThreadPoolExecutor.java:305)
	at java.base/java.util.concurrent.ThreadPoolExecutor.runWorker(ThreadPoolExecutor.java:1144)
	at java.base/java.util.concurrent.ThreadPoolExecutor$Worker.run(ThreadPoolExecutor.java:642)
	at java.base/java.lang.Thread.run(Thread.java:1589)
Caused by: java.net.ConnectException: Connection refused: no further information
	at java.base/sun.nio.ch.Net.pollConnect(Native Method)
	at java.base/sun.nio.ch.Net.pollConnectNow(Net.java:672)
	at java.base/sun.nio.ch.NioSocketImpl.timedFinishConnect(NioSocketImpl.java:535)
	at java.base/sun.nio.ch.NioSocketImpl.connect(NioSocketImpl.java:585)
	at java.base/java.net.SocksSocketImpl.connect(SocksSocketImpl.java:327)
	at java.base/java.net.Socket.connect(Socket.java:666)
	at com.sun.mail.util.WriteTimeoutSocket.connect(WriteTimeoutSocket.java:115)
	at com.sun.mail.util.SocketFetcher.createSocket(SocketFetcher.java:357)
	at com.sun.mail.util.SocketFetcher.getSocket(SocketFetcher.java:238)
	at com.sun.mail.iap.Protocol.<init>(Protocol.java:134)
	at com.sun.mail.imap.protocol.IMAPProtocol.<init>(IMAPProtocol.java:131)
	at com.sun.mail.imap.IMAPStore.newIMAPProtocol(IMAPStore.java:763)
	at com.sun.mail.imap.IMAPStore.protocolConnect(IMAPStore.java:698)
	... 16 more
08 5月 2024 16:00:04,028 INFO org.subethamail.smtp.server.SMTPServer.run(SMTPServer.java:333) SMTP Server socket shut down. 
08 5月 2024 16:00:04,028 INFO com.sismics.docs.core.service.InboxService.shutDown(InboxService.java:60) Inbox service shutting down 
08 5月 2024 16:00:04,029 INFO com.sismics.docs.core.service.FileService.shutDown(FileService.java:44) File service shutting down 
]]></system-out>
  </testcase>
  <testcase name="testAppResource" classname="com.sismics.docs.rest.TestAppResource" time="1.073">
    <system-out><![CDATA[08 5月 2024 16:00:04,031 INFO org.glassfish.jersey.test.external.ExternalTestContainerFactory$ExternalTestContainer.<init>(ExternalTestContainerFactory.java:91) Creating ExternalTestContainer configured at the base URI http://localhost:9998/docs 
08 5月 2024 16:00:04,105 INFO com.sismics.util.filter.RequestContextFilter.init(RequestContextFilter.java:43) Using base data directory: C:\Users\cjxli\AppData\Local\Temp 
08 5月 2024 16:00:04,365 INFO com.sismics.util.ClasspathScanner.findClasses(ClasspathScanner.java:48) Found 1 classes for IndexingHandler 
08 5月 2024 16:00:04,366 INFO com.sismics.docs.core.util.indexing.LuceneIndexingHandler.initLucene(LuceneIndexingHandler.java:115) Using RAM Lucene storage 
08 5月 2024 16:00:04,368 INFO com.sismics.docs.core.service.FileService.startUp(FileService.java:39) File service starting up 
08 5月 2024 16:00:04,369 INFO com.sismics.docs.core.service.InboxService.startUp(InboxService.java:55) Inbox service starting up 
08 5月 2024 16:00:04,371 INFO com.sismics.docs.core.service.InboxService.lambda$syncInbox$0(InboxService.java:82) Synchronizing IMAP inbox... 
08 5月 2024 16:00:04,392 ERROR com.sismics.docs.core.service.InboxService.lambda$syncInbox$0(InboxService.java:100) Error syncing the inbox 
com.sun.mail.util.MailConnectException: Couldn't connect to host, port: localhost, 9755; timeout 30000;
  nested exception is:
	java.net.ConnectException: Connection refused: no further information
	at com.sun.mail.imap.IMAPStore.protocolConnect(IMAPStore.java:740)
	at javax.mail.Service.connect(Service.java:366)
	at javax.mail.Service.connect(Service.java:246)
	at javax.mail.Service.connect(Service.java:267)
	at com.sismics.docs.core.service.InboxService.openInbox(InboxService.java:181)
	at com.sismics.docs.core.service.InboxService.lambda$syncInbox$0(InboxService.java:90)
	at com.sismics.docs.core.util.TransactionUtil.handle(TransactionUtil.java:47)
	at com.sismics.docs.core.service.InboxService.syncInbox(InboxService.java:76)
	at com.sismics.docs.core.service.InboxService.runOneIteration(InboxService.java:66)
	at com.google.common.util.concurrent.AbstractScheduledService$ServiceDelegate$Task.run(AbstractScheduledService.java:221)
	at com.google.common.util.concurrent.Callables$4.run(Callables.java:119)
	at java.base/java.util.concurrent.Executors$RunnableAdapter.call(Executors.java:577)
	at java.base/java.util.concurrent.FutureTask.runAndReset(FutureTask.java:358)
	at java.base/java.util.concurrent.ScheduledThreadPoolExecutor$ScheduledFutureTask.run(ScheduledThreadPoolExecutor.java:305)
	at java.base/java.util.concurrent.ThreadPoolExecutor.runWorker(ThreadPoolExecutor.java:1144)
	at java.base/java.util.concurrent.ThreadPoolExecutor$Worker.run(ThreadPoolExecutor.java:642)
	at java.base/java.lang.Thread.run(Thread.java:1589)
Caused by: java.net.ConnectException: Connection refused: no further information
	at java.base/sun.nio.ch.Net.pollConnect(Native Method)
	at java.base/sun.nio.ch.Net.pollConnectNow(Net.java:672)
	at java.base/sun.nio.ch.NioSocketImpl.timedFinishConnect(NioSocketImpl.java:535)
	at java.base/sun.nio.ch.NioSocketImpl.connect(NioSocketImpl.java:585)
	at java.base/java.net.SocksSocketImpl.connect(SocksSocketImpl.java:327)
	at java.base/java.net.Socket.connect(Socket.java:666)
	at com.sun.mail.util.WriteTimeoutSocket.connect(WriteTimeoutSocket.java:115)
	at com.sun.mail.util.SocketFetcher.createSocket(SocketFetcher.java:357)
	at com.sun.mail.util.SocketFetcher.getSocket(SocketFetcher.java:238)
	at com.sun.mail.iap.Protocol.<init>(Protocol.java:134)
	at com.sun.mail.imap.protocol.IMAPProtocol.<init>(IMAPProtocol.java:131)
	at com.sun.mail.imap.IMAPStore.newIMAPProtocol(IMAPStore.java:763)
	at com.sun.mail.imap.IMAPStore.protocolConnect(IMAPStore.java:698)
	... 16 more
08 5月 2024 16:00:04,978 INFO com.sismics.docs.core.listener.async.RebuildIndexAsyncListener.on(RebuildIndexAsyncListener.java:37) Rebuild index event: RebuildIndexAsyncEvent{} 
08 5月 2024 16:00:04,992 INFO com.sismics.docs.core.listener.async.RebuildIndexAsyncListener.on(RebuildIndexAsyncListener.java:68) Rebuilding index done 
08 5月 2024 16:00:05,000 INFO com.sismics.docs.rest.resource.AppResource.batchCleanStorage(AppResource.java:630) Checking 0 files 
08 5月 2024 16:00:05,001 INFO com.sismics.docs.rest.resource.AppResource.batchCleanStorage(AppResource.java:638) Deleting orphan files at this location: C:\Users\cjxli\AppData\Local\Temp\storage\024723a7-0fe8-4751-83f4-28bcb475805f 
08 5月 2024 16:00:05,001 INFO com.sismics.docs.rest.resource.AppResource.batchCleanStorage(AppResource.java:638) Deleting orphan files at this location: C:\Users\cjxli\AppData\Local\Temp\storage\024723a7-0fe8-4751-83f4-28bcb475805f_thumb 
08 5月 2024 16:00:05,002 INFO com.sismics.docs.rest.resource.AppResource.batchCleanStorage(AppResource.java:638) Deleting orphan files at this location: C:\Users\cjxli\AppData\Local\Temp\storage\024723a7-0fe8-4751-83f4-28bcb475805f_web 
08 5月 2024 16:00:05,003 INFO com.sismics.docs.rest.resource.AppResource.batchCleanStorage(AppResource.java:638) Deleting orphan files at this location: C:\Users\cjxli\AppData\Local\Temp\storage\1325a3b3-fdfb-4cdc-a553-4227eeb2d165 
08 5月 2024 16:00:05,003 INFO com.sismics.docs.rest.resource.AppResource.batchCleanStorage(AppResource.java:638) Deleting orphan files at this location: C:\Users\cjxli\AppData\Local\Temp\storage\1325a3b3-fdfb-4cdc-a553-4227eeb2d165_thumb 
08 5月 2024 16:00:05,004 INFO com.sismics.docs.rest.resource.AppResource.batchCleanStorage(AppResource.java:638) Deleting orphan files at this location: C:\Users\cjxli\AppData\Local\Temp\storage\1325a3b3-fdfb-4cdc-a553-4227eeb2d165_web 
08 5月 2024 16:00:05,004 INFO com.sismics.docs.rest.resource.AppResource.batchCleanStorage(AppResource.java:638) Deleting orphan files at this location: C:\Users\cjxli\AppData\Local\Temp\storage\2612e69c-a473-4f70-815d-7b975523dbcb 
08 5月 2024 16:00:05,005 INFO com.sismics.docs.rest.resource.AppResource.batchCleanStorage(AppResource.java:638) Deleting orphan files at this location: C:\Users\cjxli\AppData\Local\Temp\storage\2612e69c-a473-4f70-815d-7b975523dbcb_thumb 
08 5月 2024 16:00:05,005 INFO com.sismics.docs.rest.resource.AppResource.batchCleanStorage(AppResource.java:638) Deleting orphan files at this location: C:\Users\cjxli\AppData\Local\Temp\storage\2612e69c-a473-4f70-815d-7b975523dbcb_web 
08 5月 2024 16:00:05,006 INFO com.sismics.docs.rest.resource.AppResource.batchCleanStorage(AppResource.java:638) Deleting orphan files at this location: C:\Users\cjxli\AppData\Local\Temp\storage\353f3b0b-c628-4b23-b3c2-9b4a665db585 
08 5月 2024 16:00:05,006 INFO com.sismics.docs.rest.resource.AppResource.batchCleanStorage(AppResource.java:638) Deleting orphan files at this location: C:\Users\cjxli\AppData\Local\Temp\storage\353f3b0b-c628-4b23-b3c2-9b4a665db585_thumb 
08 5月 2024 16:00:05,007 INFO com.sismics.docs.rest.resource.AppResource.batchCleanStorage(AppResource.java:638) Deleting orphan files at this location: C:\Users\cjxli\AppData\Local\Temp\storage\353f3b0b-c628-4b23-b3c2-9b4a665db585_web 
08 5月 2024 16:00:05,008 INFO com.sismics.docs.rest.resource.AppResource.batchCleanStorage(AppResource.java:638) Deleting orphan files at this location: C:\Users\cjxli\AppData\Local\Temp\storage\3f927c27-ab47-42f3-b841-6b03c127be1a 
08 5月 2024 16:00:05,008 INFO com.sismics.docs.rest.resource.AppResource.batchCleanStorage(AppResource.java:638) Deleting orphan files at this location: C:\Users\cjxli\AppData\Local\Temp\storage\3f927c27-ab47-42f3-b841-6b03c127be1a_thumb 
08 5月 2024 16:00:05,009 INFO com.sismics.docs.rest.resource.AppResource.batchCleanStorage(AppResource.java:638) Deleting orphan files at this location: C:\Users\cjxli\AppData\Local\Temp\storage\3f927c27-ab47-42f3-b841-6b03c127be1a_web 
08 5月 2024 16:00:05,009 INFO com.sismics.docs.rest.resource.AppResource.batchCleanStorage(AppResource.java:638) Deleting orphan files at this location: C:\Users\cjxli\AppData\Local\Temp\storage\5a0fc4df-32aa-4162-9674-d20961df5585 
08 5月 2024 16:00:05,010 INFO com.sismics.docs.rest.resource.AppResource.batchCleanStorage(AppResource.java:638) Deleting orphan files at this location: C:\Users\cjxli\AppData\Local\Temp\storage\5a0fc4df-32aa-4162-9674-d20961df5585_thumb 
08 5月 2024 16:00:05,011 INFO com.sismics.docs.rest.resource.AppResource.batchCleanStorage(AppResource.java:638) Deleting orphan files at this location: C:\Users\cjxli\AppData\Local\Temp\storage\5a0fc4df-32aa-4162-9674-d20961df5585_web 
08 5月 2024 16:00:05,011 INFO com.sismics.docs.rest.resource.AppResource.batchCleanStorage(AppResource.java:638) Deleting orphan files at this location: C:\Users\cjxli\AppData\Local\Temp\storage\60a3394a-4530-46ce-8b8c-988f6bb31403 
08 5月 2024 16:00:05,012 INFO com.sismics.docs.rest.resource.AppResource.batchCleanStorage(AppResource.java:638) Deleting orphan files at this location: C:\Users\cjxli\AppData\Local\Temp\storage\7e2f00fb-c24c-4b44-b4c4-d9d8e4f77128 
08 5月 2024 16:00:05,013 INFO com.sismics.docs.rest.resource.AppResource.batchCleanStorage(AppResource.java:638) Deleting orphan files at this location: C:\Users\cjxli\AppData\Local\Temp\storage\7e2f00fb-c24c-4b44-b4c4-d9d8e4f77128_thumb 
08 5月 2024 16:00:05,014 INFO com.sismics.docs.rest.resource.AppResource.batchCleanStorage(AppResource.java:638) Deleting orphan files at this location: C:\Users\cjxli\AppData\Local\Temp\storage\7e2f00fb-c24c-4b44-b4c4-d9d8e4f77128_web 
08 5月 2024 16:00:05,015 INFO com.sismics.docs.rest.resource.AppResource.batchCleanStorage(AppResource.java:638) Deleting orphan files at this location: C:\Users\cjxli\AppData\Local\Temp\storage\a9eedd5d-bd68-4470-bcfc-4b456cccf6ce 
08 5月 2024 16:00:05,015 INFO com.sismics.docs.rest.resource.AppResource.batchCleanStorage(AppResource.java:638) Deleting orphan files at this location: C:\Users\cjxli\AppData\Local\Temp\storage\a9eedd5d-bd68-4470-bcfc-4b456cccf6ce_thumb 
08 5月 2024 16:00:05,016 INFO com.sismics.docs.rest.resource.AppResource.batchCleanStorage(AppResource.java:638) Deleting orphan files at this location: C:\Users\cjxli\AppData\Local\Temp\storage\a9eedd5d-bd68-4470-bcfc-4b456cccf6ce_web 
08 5月 2024 16:00:05,016 INFO com.sismics.docs.rest.resource.AppResource.batchCleanStorage(AppResource.java:638) Deleting orphan files at this location: C:\Users\cjxli\AppData\Local\Temp\storage\b32d0da1-aa5c-4ab0-af61-b742c9000807 
08 5月 2024 16:00:05,017 INFO com.sismics.docs.rest.resource.AppResource.batchCleanStorage(AppResource.java:638) Deleting orphan files at this location: C:\Users\cjxli\AppData\Local\Temp\storage\b32d0da1-aa5c-4ab0-af61-b742c9000807_thumb 
08 5月 2024 16:00:05,018 INFO com.sismics.docs.rest.resource.AppResource.batchCleanStorage(AppResource.java:638) Deleting orphan files at this location: C:\Users\cjxli\AppData\Local\Temp\storage\b32d0da1-aa5c-4ab0-af61-b742c9000807_web 
08 5月 2024 16:00:05,018 INFO com.sismics.docs.rest.resource.AppResource.batchCleanStorage(AppResource.java:638) Deleting orphan files at this location: C:\Users\cjxli\AppData\Local\Temp\storage\e93b9c26-f90f-413a-a3a5-b7db9542ea3f 
08 5月 2024 16:00:05,019 INFO com.sismics.docs.rest.resource.AppResource.batchCleanStorage(AppResource.java:638) Deleting orphan files at this location: C:\Users\cjxli\AppData\Local\Temp\storage\e93b9c26-f90f-413a-a3a5-b7db9542ea3f_thumb 
08 5月 2024 16:00:05,020 INFO com.sismics.docs.rest.resource.AppResource.batchCleanStorage(AppResource.java:638) Deleting orphan files at this location: C:\Users\cjxli\AppData\Local\Temp\storage\e93b9c26-f90f-413a-a3a5-b7db9542ea3f_web 
08 5月 2024 16:00:05,020 INFO com.sismics.docs.rest.resource.AppResource.batchCleanStorage(AppResource.java:638) Deleting orphan files at this location: C:\Users\cjxli\AppData\Local\Temp\storage\ef924cae-4643-45e4-be76-824f0443ee62 
08 5月 2024 16:00:05,021 INFO com.sismics.docs.rest.resource.AppResource.batchCleanStorage(AppResource.java:638) Deleting orphan files at this location: C:\Users\cjxli\AppData\Local\Temp\storage\ef924cae-4643-45e4-be76-824f0443ee62_thumb 
08 5月 2024 16:00:05,021 INFO com.sismics.docs.rest.resource.AppResource.batchCleanStorage(AppResource.java:638) Deleting orphan files at this location: C:\Users\cjxli\AppData\Local\Temp\storage\ef924cae-4643-45e4-be76-824f0443ee62_web 
08 5月 2024 16:00:05,022 INFO com.sismics.docs.rest.resource.AppResource.batchCleanStorage(AppResource.java:638) Deleting orphan files at this location: C:\Users\cjxli\AppData\Local\Temp\storage\f340f4ed-79e0-4f72-b506-0d242c96e062 
08 5月 2024 16:00:05,023 INFO com.sismics.docs.rest.resource.AppResource.batchCleanStorage(AppResource.java:638) Deleting orphan files at this location: C:\Users\cjxli\AppData\Local\Temp\storage\f340f4ed-79e0-4f72-b506-0d242c96e062_thumb 
08 5月 2024 16:00:05,023 INFO com.sismics.docs.rest.resource.AppResource.batchCleanStorage(AppResource.java:638) Deleting orphan files at this location: C:\Users\cjxli\AppData\Local\Temp\storage\f340f4ed-79e0-4f72-b506-0d242c96e062_web 
08 5月 2024 16:00:05,029 INFO com.sismics.docs.rest.resource.AppResource.batchCleanStorage(AppResource.java:658) Deleting 0 orphan audit logs 
08 5月 2024 16:00:05,031 INFO com.sismics.docs.rest.resource.AppResource.batchCleanStorage(AppResource.java:670) Deleting 2 orphan ACLs 
08 5月 2024 16:00:05,032 INFO com.sismics.docs.rest.resource.AppResource.batchCleanStorage(AppResource.java:675) Deleting 0 orphan comments 
08 5月 2024 16:00:05,033 INFO com.sismics.docs.rest.resource.AppResource.batchCleanStorage(AppResource.java:680) Deleting 0 orphan document tag links 
08 5月 2024 16:00:05,036 INFO com.sismics.docs.rest.resource.AppResource.batchCleanStorage(AppResource.java:685) Deleting 0 orphan shares 
08 5月 2024 16:00:05,036 INFO com.sismics.docs.rest.resource.AppResource.batchCleanStorage(AppResource.java:690) Deleting 0 orphan tags 
08 5月 2024 16:00:05,037 INFO com.sismics.docs.rest.resource.AppResource.batchCleanStorage(AppResource.java:695) Deleting 0 orphan documents 
08 5月 2024 16:00:05,038 INFO com.sismics.docs.rest.resource.AppResource.batchCleanStorage(AppResource.java:700) Deleting 0 orphan files 
08 5月 2024 16:00:05,042 INFO com.sismics.docs.rest.resource.AppResource.batchCleanStorage(AppResource.java:703) Deleting 0 soft deleted document tag links 
08 5月 2024 16:00:05,044 INFO com.sismics.docs.rest.resource.AppResource.batchCleanStorage(AppResource.java:704) Deleting 2 soft deleted ACLs 
08 5月 2024 16:00:05,046 INFO com.sismics.docs.rest.resource.AppResource.batchCleanStorage(AppResource.java:705) Deleting 0 soft deleted shares 
08 5月 2024 16:00:05,048 INFO com.sismics.docs.rest.resource.AppResource.batchCleanStorage(AppResource.java:706) Deleting 0 soft deleted tags 
08 5月 2024 16:00:05,053 INFO com.sismics.docs.rest.resource.AppResource.batchCleanStorage(AppResource.java:707) Deleting 0 soft deleted comments 
08 5月 2024 16:00:05,056 INFO com.sismics.docs.rest.resource.AppResource.batchCleanStorage(AppResource.java:708) Deleting 0 soft deleted files 
08 5月 2024 16:00:05,058 INFO com.sismics.docs.rest.resource.AppResource.batchCleanStorage(AppResource.java:709) Deleting 0 soft deleted documents 
08 5月 2024 16:00:05,060 INFO com.sismics.docs.rest.resource.AppResource.batchCleanStorage(AppResource.java:710) Deleting 0 soft deleted users 
08 5月 2024 16:00:05,061 INFO com.sismics.docs.rest.resource.AppResource.batchCleanStorage(AppResource.java:711) Deleting 0 soft deleted groups 
08 5月 2024 16:00:05,098 INFO org.subethamail.smtp.server.SMTPServer.run(SMTPServer.java:333) SMTP Server socket shut down. 
08 5月 2024 16:00:05,099 INFO com.sismics.docs.core.service.InboxService.shutDown(InboxService.java:60) Inbox service shutting down 
08 5月 2024 16:00:05,099 INFO com.sismics.docs.core.service.FileService.shutDown(FileService.java:44) File service shutting down 
]]></system-out>
  </testcase>
  <testcase name="testLogResource" classname="com.sismics.docs.rest.TestAppResource" time="0.863">
    <system-out><![CDATA[08 5月 2024 16:00:05,102 INFO org.glassfish.jersey.test.external.ExternalTestContainerFactory$ExternalTestContainer.<init>(ExternalTestContainerFactory.java:91) Creating ExternalTestContainer configured at the base URI http://localhost:9998/docs 
08 5月 2024 16:00:05,166 INFO com.sismics.util.filter.RequestContextFilter.init(RequestContextFilter.java:43) Using base data directory: C:\Users\cjxli\AppData\Local\Temp 
08 5月 2024 16:00:05,384 INFO com.sismics.util.ClasspathScanner.findClasses(ClasspathScanner.java:48) Found 1 classes for IndexingHandler 
08 5月 2024 16:00:05,386 INFO com.sismics.docs.core.util.indexing.LuceneIndexingHandler.initLucene(LuceneIndexingHandler.java:115) Using RAM Lucene storage 
08 5月 2024 16:00:05,387 INFO com.sismics.docs.core.service.FileService.startUp(FileService.java:39) File service starting up 
08 5月 2024 16:00:05,388 INFO com.sismics.docs.core.service.InboxService.startUp(InboxService.java:55) Inbox service starting up 
08 5月 2024 16:00:05,389 INFO com.sismics.docs.core.service.InboxService.lambda$syncInbox$0(InboxService.java:82) Synchronizing IMAP inbox... 
08 5月 2024 16:00:05,408 ERROR com.sismics.docs.core.service.InboxService.lambda$syncInbox$0(InboxService.java:100) Error syncing the inbox 
com.sun.mail.util.MailConnectException: Couldn't connect to host, port: localhost, 9755; timeout 30000;
  nested exception is:
	java.net.ConnectException: Connection refused: no further information
	at com.sun.mail.imap.IMAPStore.protocolConnect(IMAPStore.java:740)
	at javax.mail.Service.connect(Service.java:366)
	at javax.mail.Service.connect(Service.java:246)
	at javax.mail.Service.connect(Service.java:267)
	at com.sismics.docs.core.service.InboxService.openInbox(InboxService.java:181)
	at com.sismics.docs.core.service.InboxService.lambda$syncInbox$0(InboxService.java:90)
	at com.sismics.docs.core.util.TransactionUtil.handle(TransactionUtil.java:47)
	at com.sismics.docs.core.service.InboxService.syncInbox(InboxService.java:76)
	at com.sismics.docs.core.service.InboxService.runOneIteration(InboxService.java:66)
	at com.google.common.util.concurrent.AbstractScheduledService$ServiceDelegate$Task.run(AbstractScheduledService.java:221)
	at com.google.common.util.concurrent.Callables$4.run(Callables.java:119)
	at java.base/java.util.concurrent.Executors$RunnableAdapter.call(Executors.java:577)
	at java.base/java.util.concurrent.FutureTask.runAndReset(FutureTask.java:358)
	at java.base/java.util.concurrent.ScheduledThreadPoolExecutor$ScheduledFutureTask.run(ScheduledThreadPoolExecutor.java:305)
	at java.base/java.util.concurrent.ThreadPoolExecutor.runWorker(ThreadPoolExecutor.java:1144)
	at java.base/java.util.concurrent.ThreadPoolExecutor$Worker.run(ThreadPoolExecutor.java:642)
	at java.base/java.lang.Thread.run(Thread.java:1589)
Caused by: java.net.ConnectException: Connection refused: no further information
	at java.base/sun.nio.ch.Net.pollConnect(Native Method)
	at java.base/sun.nio.ch.Net.pollConnectNow(Net.java:672)
	at java.base/sun.nio.ch.NioSocketImpl.timedFinishConnect(NioSocketImpl.java:535)
	at java.base/sun.nio.ch.NioSocketImpl.connect(NioSocketImpl.java:585)
	at java.base/java.net.SocksSocketImpl.connect(SocksSocketImpl.java:327)
	at java.base/java.net.Socket.connect(Socket.java:666)
	at com.sun.mail.util.WriteTimeoutSocket.connect(WriteTimeoutSocket.java:115)
	at com.sun.mail.util.SocketFetcher.createSocket(SocketFetcher.java:357)
	at com.sun.mail.util.SocketFetcher.getSocket(SocketFetcher.java:238)
	at com.sun.mail.iap.Protocol.<init>(Protocol.java:134)
	at com.sun.mail.imap.protocol.IMAPProtocol.<init>(IMAPProtocol.java:131)
	at com.sun.mail.imap.IMAPStore.newIMAPProtocol(IMAPStore.java:763)
	at com.sun.mail.imap.IMAPStore.protocolConnect(IMAPStore.java:698)
	... 16 more
08 5月 2024 16:00:05,964 INFO org.subethamail.smtp.server.SMTPServer.run(SMTPServer.java:333) SMTP Server socket shut down. 
08 5月 2024 16:00:05,964 INFO com.sismics.docs.core.service.InboxService.shutDown(InboxService.java:60) Inbox service shutting down 
08 5月 2024 16:00:05,965 INFO com.sismics.docs.core.service.FileService.shutDown(FileService.java:44) File service shutting down 
]]></system-out>
  </testcase>
  <testcase name="testGuestLogin" classname="com.sismics.docs.rest.TestAppResource" time="1">
    <system-out><![CDATA[08 5月 2024 16:00:05,968 INFO org.glassfish.jersey.test.external.ExternalTestContainerFactory$ExternalTestContainer.<init>(ExternalTestContainerFactory.java:91) Creating ExternalTestContainer configured at the base URI http://localhost:9998/docs 
08 5月 2024 16:00:06,030 INFO com.sismics.util.filter.RequestContextFilter.init(RequestContextFilter.java:43) Using base data directory: C:\Users\cjxli\AppData\Local\Temp 
08 5月 2024 16:00:06,303 INFO com.sismics.util.ClasspathScanner.findClasses(ClasspathScanner.java:48) Found 1 classes for IndexingHandler 
08 5月 2024 16:00:06,304 INFO com.sismics.docs.core.util.indexing.LuceneIndexingHandler.initLucene(LuceneIndexingHandler.java:115) Using RAM Lucene storage 
08 5月 2024 16:00:06,306 INFO com.sismics.docs.core.service.FileService.startUp(FileService.java:39) File service starting up 
08 5月 2024 16:00:06,307 INFO com.sismics.docs.core.service.InboxService.startUp(InboxService.java:55) Inbox service starting up 
08 5月 2024 16:00:06,308 INFO com.sismics.docs.core.service.InboxService.lambda$syncInbox$0(InboxService.java:82) Synchronizing IMAP inbox... 
08 5月 2024 16:00:06,336 ERROR com.sismics.docs.core.service.InboxService.lambda$syncInbox$0(InboxService.java:100) Error syncing the inbox 
com.sun.mail.util.MailConnectException: Couldn't connect to host, port: localhost, 9755; timeout 30000;
  nested exception is:
	java.net.ConnectException: Connection refused: no further information
	at com.sun.mail.imap.IMAPStore.protocolConnect(IMAPStore.java:740)
	at javax.mail.Service.connect(Service.java:366)
	at javax.mail.Service.connect(Service.java:246)
	at javax.mail.Service.connect(Service.java:267)
	at com.sismics.docs.core.service.InboxService.openInbox(InboxService.java:181)
	at com.sismics.docs.core.service.InboxService.lambda$syncInbox$0(InboxService.java:90)
	at com.sismics.docs.core.util.TransactionUtil.handle(TransactionUtil.java:47)
	at com.sismics.docs.core.service.InboxService.syncInbox(InboxService.java:76)
	at com.sismics.docs.core.service.InboxService.runOneIteration(InboxService.java:66)
	at com.google.common.util.concurrent.AbstractScheduledService$ServiceDelegate$Task.run(AbstractScheduledService.java:221)
	at com.google.common.util.concurrent.Callables$4.run(Callables.java:119)
	at java.base/java.util.concurrent.Executors$RunnableAdapter.call(Executors.java:577)
	at java.base/java.util.concurrent.FutureTask.runAndReset(FutureTask.java:358)
	at java.base/java.util.concurrent.ScheduledThreadPoolExecutor$ScheduledFutureTask.run(ScheduledThreadPoolExecutor.java:305)
	at java.base/java.util.concurrent.ThreadPoolExecutor.runWorker(ThreadPoolExecutor.java:1144)
	at java.base/java.util.concurrent.ThreadPoolExecutor$Worker.run(ThreadPoolExecutor.java:642)
	at java.base/java.lang.Thread.run(Thread.java:1589)
Caused by: java.net.ConnectException: Connection refused: no further information
	at java.base/sun.nio.ch.Net.pollConnect(Native Method)
	at java.base/sun.nio.ch.Net.pollConnectNow(Net.java:672)
	at java.base/sun.nio.ch.NioSocketImpl.timedFinishConnect(NioSocketImpl.java:535)
	at java.base/sun.nio.ch.NioSocketImpl.connect(NioSocketImpl.java:585)
	at java.base/java.net.SocksSocketImpl.connect(SocksSocketImpl.java:327)
	at java.base/java.net.Socket.connect(Socket.java:666)
	at com.sun.mail.util.WriteTimeoutSocket.connect(WriteTimeoutSocket.java:115)
	at com.sun.mail.util.SocketFetcher.createSocket(SocketFetcher.java:357)
	at com.sun.mail.util.SocketFetcher.getSocket(SocketFetcher.java:238)
	at com.sun.mail.iap.Protocol.<init>(Protocol.java:134)
	at com.sun.mail.imap.protocol.IMAPProtocol.<init>(IMAPProtocol.java:131)
	at com.sun.mail.imap.IMAPStore.newIMAPProtocol(IMAPStore.java:763)
	at com.sun.mail.imap.IMAPStore.protocolConnect(IMAPStore.java:698)
	... 16 more
08 5月 2024 16:00:06,963 INFO org.subethamail.smtp.server.SMTPServer.run(SMTPServer.java:333) SMTP Server socket shut down. 
08 5月 2024 16:00:06,964 INFO com.sismics.docs.core.service.InboxService.shutDown(InboxService.java:60) Inbox service shutting down 
08 5月 2024 16:00:06,964 INFO com.sismics.docs.core.service.FileService.shutDown(FileService.java:44) File service shutting down 
]]></system-out>
  </testcase>
</testsuite>